<?xml version="1.0" encoding="UTF-8"?>
<!-- Generated by org.testng.reporters.JUnitReportReporter -->
<testsuite hostname="Harsha-PC" name="com.lib.LoginLogout" tests="1" failures="0" timestamp="25 Nov 2014 07:08:13 GMT" time="7.537" errors="0">
  <testcase name="testLoginLogout" time="7.537" classname="com.lib.LoginLogout"/>
</testsuite> <!-- com.lib.LoginLogout -->
